\BOOKMARK [1][-]{section.1}{\376\377\116\000\060\001\225\356\230\230\221\315\217\360}{}% 1
\BOOKMARK [2][-]{subsection.1.1}{\376\377\0001\000.\0001\000\040\137\025\212\000}{section.1}% 2
\BOOKMARK [2][-]{subsection.1.2}{\376\377\0001\000.\0002\000\040\225\356\230\230\166\204\143\320\121\372}{section.1}% 3
\BOOKMARK [1][-]{section.2}{\376\377\116\214\060\001\225\356\230\230\122\006\147\220}{}% 4
\BOOKMARK [2][-]{subsection.2.1}{\376\377\0002\000.\0001\000\040\225\356\230\230\116\000\122\006\147\220}{section.2}% 5
\BOOKMARK [2][-]{subsection.2.2}{\376\377\0002\000.\0002\000\040\225\356\230\230\116\214\116\011\122\006\147\220}{section.2}% 6
\BOOKMARK [2][-]{subsection.2.3}{\376\377\0002\000.\0003\000\040\225\356\230\230\126\333\122\006\147\220}{section.2}% 7
\BOOKMARK [2][-]{subsection.2.4}{\376\377\0002\000.\0004\000\040\225\356\230\230\116\224\122\006\147\220}{section.2}% 8
\BOOKMARK [1][-]{section.3}{\376\377\116\011\060\001\152\041\127\213\120\107\213\276}{}% 9
\BOOKMARK [1][-]{section.4}{\376\377\126\333\060\001\173\046\123\367\213\364\146\016}{}% 10
\BOOKMARK [1][-]{section.5}{\376\377\116\224\060\001\152\041\127\213\136\372\172\313\116\016\154\102\211\343}{}% 11
\BOOKMARK [2][-]{subsection.5.1}{\376\377\0005\000.\0001\000\040\225\356\230\230\116\000}{section.5}% 12
\BOOKMARK [3][-]{section*.1}{\376\377\0005\000.\0001\000.\0001\000\040\133\146\150\041\145\131\133\146\154\064\136\163\143\007\133\374\120\074}{subsection.5.1}% 13
\BOOKMARK [3][-]{section*.4}{\376\377\0005\000.\0001\000.\0002\000\040\116\023\116\032\220\011\142\351\143\007\133\374\120\074}{subsection.5.1}% 14
\BOOKMARK [3][-]{section*.5}{\376\377\0005\000.\0001\000.\0003\000\040\140\047\122\053\143\007\133\374\120\074}{subsection.5.1}% 15
\BOOKMARK [3][-]{section*.7}{\376\377\0005\000.\0001\000.\0004\000\040\176\374\124\010\131\004\164\006}{subsection.5.1}% 16
\BOOKMARK [3][-]{section*.9}{\376\377\0005\000.\0001\000.\0005\000\040\145\160\120\074\117\356\153\143}{subsection.5.1}% 17
\BOOKMARK [3][-]{section*.12}{\376\377\0005\000.\0001\000.\0006\000\040\152\041\127\213\155\113\213\325}{subsection.5.1}% 18
\BOOKMARK [2][-]{subsection.5.2}{\376\377\0005\000.\0002\000\040\225\356\230\230\116\214\123\312\225\356\230\230\116\011}{section.5}% 19
\BOOKMARK [3][-]{section*.14}{\376\377\0005\000.\0002\000.\0001\000\040\122\006\171\321\122\115\124\016\145\131\136\010\215\104\156\220\140\305\121\265}{subsection.5.2}% 20
\BOOKMARK [3][-]{section*.15}{\376\377\0005\000.\0002\000.\0002\000\040\122\006\171\321\122\115\124\016\145\131\133\244\227\000\154\102\140\305\121\265}{subsection.5.2}% 21
\BOOKMARK [3][-]{section*.16}{\376\377\0005\000.\0002\000.\0003\000\040\176\374\124\010\122\006\147\220}{subsection.5.2}% 22
\BOOKMARK [2][-]{subsection.5.3}{\376\377\0005\000.\0003\000\040\225\356\230\230\126\333}{section.5}% 23
\BOOKMARK [2][-]{subsection.5.4}{\376\377\0005\000.\0004\000\040\225\356\230\230\116\224}{section.5}% 24
\BOOKMARK [3][-]{section*.18}{\376\377\173\227\154\325\220\011\142\351}{subsection.5.4}% 25
\BOOKMARK [3][-]{section*.19}{\376\377\145\160\133\146\136\372\152\041}{subsection.5.4}% 26
\BOOKMARK [3][-]{section*.20}{\376\377\127\372\126\340\177\026\170\001}{subsection.5.4}% 27
\BOOKMARK [3][-]{section*.22}{\376\377\213\276\213\241\220\002\136\224\136\246\121\375\145\160}{subsection.5.4}% 28
\BOOKMARK [3][-]{section*.23}{\376\377\220\011\142\351\173\227\133\120}{subsection.5.4}% 29
\BOOKMARK [3][-]{section*.24}{\376\377\116\244\123\311\173\227\133\120}{subsection.5.4}% 30
\BOOKMARK [3][-]{section*.25}{\376\377\123\330\137\002\173\227\133\120}{subsection.5.4}% 31
\BOOKMARK [3][-]{section*.26}{\376\377\173\227\154\325\217\320\210\114\176\323\147\234}{subsection.5.4}% 32
\BOOKMARK [1][-]{section.6}{\376\377\121\155\060\001\123\302\200\003\145\207\163\056}{}% 33
\BOOKMARK [1][-]{section.1}{\376\377\226\104\137\125\000A\000\040\000P\000y\000t\000h\000o\000n\143\222\213\376\173\227\154\325\156\220\172\013\136\217}{}% 34
\BOOKMARK [1][-]{section.2}{\376\377\226\104\137\125\000B\000\040\000M\000E\000P\131\032\210\150\217\276\137\017\177\026\172\013\156\220\172\013\136\217}{}% 35
